<?xml version="1.0" encoding="UTF-8"?>
<!-- Generated by org.testng.reporters.JUnitReportReporter -->
<testsuite hostname="LAPTOP-ED5JL0JR" failures="0" tests="1" name="org.example.AppTest" time="0.006" errors="0" timestamp="2023-10-12T16:28:10 IST" skipped="0">
  <testcase classname="org.example.AppTest" name="testApp" time="0.006"/>
  <system-out/>
</testsuite> <!-- org.example.AppTest -->
